2025-06-19 12:03:50,639 - INFO - Iniciando correção de orientação de PDFs com rotação de 270 graus
2025-06-19 12:03:50,640 - INFO - Corrigindo orientação de CertificadoSiconv.pdf com rotação de 270 graus
2025-06-19 12:03:50,643 - INFO - Convertendo PDF para imagens em alta resolução...
2025-06-19 12:05:27,320 - INFO - Rotacionando página 1/1
2025-06-19 12:05:33,024 - INFO - Salvando PDF com orientação corrigida...
2025-06-19 12:05:34,643 - INFO - PDF corrigido salvo: /home/iagochiapetta/isna/docs/CertificadoSiconv.pdf
2025-06-19 12:05:34,745 - INFO - Corrigindo orientação de cmas.pdf com rotação de 270 graus
2025-06-19 12:05:34,748 - INFO - Convertendo PDF para imagens em alta resolução...
2025-06-19 12:06:12,689 - INFO - Rotacionando página 1/1
2025-06-19 12:06:18,967 - INFO - Salvando PDF com orientação corrigida...
2025-06-19 12:06:19,972 - INFO - PDF corrigido salvo: /home/iagochiapetta/isna/docs/cmas.pdf
2025-06-19 12:06:20,056 - INFO - Corrigindo orientação de Titulo de Utilidade publica.pdf com rotação de 270 graus
2025-06-19 12:06:20,057 - INFO - Convertendo PDF para imagens em alta resolução...
2025-06-19 12:06:47,815 - INFO - Rotacionando página 1/1
2025-06-19 12:06:52,611 - INFO - Salvando PDF com orientação corrigida...
2025-06-19 12:06:53,367 - INFO - PDF corrigido salvo: /home/iagochiapetta/isna/docs/Titulo de Utilidade publica.pdf
2025-06-19 12:06:53,371 - INFO - Processamento concluído!
2025-06-19 12:44:44,503 - INFO - Iniciando correção de orientação de PDFs com rotação de 180 graus
2025-06-19 12:44:44,506 - INFO - Corrigindo orientação de CertificadoSiconv.pdf com rotação de 180 graus
2025-06-19 12:44:44,512 - INFO - Convertendo PDF para imagens em alta resolução...
2025-06-19 12:46:08,008 - INFO - Rotacionando página 1/1
2025-06-19 12:46:12,597 - INFO - Salvando PDF com orientação corrigida...
2025-06-19 12:46:13,879 - INFO - PDF corrigido salvo: /home/iagochiapetta/isna/docs/CertificadoSiconv.pdf
2025-06-19 12:46:13,947 - INFO - Corrigindo orientação de cmas.pdf com rotação de 180 graus
2025-06-19 12:46:13,948 - INFO - Convertendo PDF para imagens em alta resolução...
2025-06-19 12:46:42,508 - INFO - Rotacionando página 1/1
2025-06-19 12:46:46,835 - INFO - Salvando PDF com orientação corrigida...
2025-06-19 12:46:47,558 - INFO - PDF corrigido salvo: /home/iagochiapetta/isna/docs/cmas.pdf
2025-06-19 12:46:47,565 - INFO - Corrigindo orientação de Titulo de Utilidade publica.pdf com rotação de 180 graus
2025-06-19 12:46:47,566 - INFO - Convertendo PDF para imagens em alta resolução...
2025-06-19 12:47:12,595 - INFO - Rotacionando página 1/1
2025-06-19 12:47:15,342 - INFO - Salvando PDF com orientação corrigida...
2025-06-19 12:47:16,091 - INFO - PDF corrigido salvo: /home/iagochiapetta/isna/docs/Titulo de Utilidade publica.pdf
2025-06-19 12:47:16,099 - INFO - Processamento concluído!
2025-06-19 19:16:12,955 - INFO - Iniciando correção de orientação de PDFs com rotação de 90 graus
2025-06-19 19:16:12,956 - INFO - Corrigindo orientação de CertificadoSiconv.pdf com rotação de 90 graus
2025-06-19 19:16:12,959 - INFO - Convertendo PDF para imagens em alta resolução...
2025-06-19 19:17:46,510 - INFO - Rotacionando página 1/1
2025-06-19 19:17:52,615 - INFO - Salvando PDF com orientação corrigida...
2025-06-19 19:17:54,822 - INFO - PDF corrigido salvo: /home/iagochiapetta/isna/docs/CertificadoSiconv.pdf
2025-06-19 19:17:54,968 - INFO - Corrigindo orientação de cmas.pdf com rotação de 90 graus
2025-06-19 19:17:54,973 - INFO - Convertendo PDF para imagens em alta resolução...
2025-06-19 19:18:28,945 - INFO - Rotacionando página 1/1
2025-06-19 19:18:34,887 - INFO - Salvando PDF com orientação corrigida...
2025-06-19 19:18:35,884 - INFO - PDF corrigido salvo: /home/iagochiapetta/isna/docs/cmas.pdf
2025-06-19 19:18:35,906 - INFO - Corrigindo orientação de Titulo de Utilidade publica.pdf com rotação de 90 graus
2025-06-19 19:18:35,907 - INFO - Convertendo PDF para imagens em alta resolução...
2025-06-19 19:19:02,258 - INFO - Rotacionando página 1/1
2025-06-19 19:19:05,441 - INFO - Salvando PDF com orientação corrigida...
2025-06-19 19:19:06,042 - INFO - PDF corrigido salvo: /home/iagochiapetta/isna/docs/Titulo de Utilidade publica.pdf
2025-06-19 19:19:06,047 - INFO - Processamento concluído!
