2025-06-19 11:23:19,052 - INFO - Iniciando rotação específica de documentos
2025-06-19 11:23:19,299 - INFO - Rotacionando CertificadoSiconv.pdf em 90 graus para a direita
2025-06-19 11:23:19,308 - INFO - Convertendo PDF para imagens...
2025-06-19 11:23:23,764 - INFO - Rotacionando página 1/1
2025-06-19 11:23:24,946 - INFO - Salvando imagens rotacionadas como PDF...
2025-06-19 11:23:26,352 - INFO - PDF rotacionado salvo: /home/iagochiapetta/isna/docs/CertificadoSiconv.pdf
2025-06-19 11:23:26,372 - INFO - Rotacionando cmas.pdf em 90 graus para a direita
2025-06-19 11:23:26,374 - INFO - Convertendo PDF para imagens...
2025-06-19 11:23:31,797 - INFO - Rotacionando página 1/1
2025-06-19 11:23:32,292 - INFO - Salvando imagens rotacionadas como PDF...
2025-06-19 11:23:32,637 - INFO - PDF rotacionado salvo: /home/iagochiapetta/isna/docs/cmas.pdf
2025-06-19 11:23:32,656 - INFO - Rotacionando Titulo de Utilidade publica.pdf em 90 graus para a direita
2025-06-19 11:23:32,657 - INFO - Convertendo PDF para imagens...
2025-06-19 11:23:35,700 - INFO - Rotacionando página 1/1
2025-06-19 11:23:36,400 - INFO - Salvando imagens rotacionadas como PDF...
2025-06-19 11:23:36,779 - INFO - PDF rotacionado salvo: /home/iagochiapetta/isna/docs/Titulo de Utilidade publica.pdf
2025-06-19 11:23:36,796 - INFO - Rotação de documentos concluída!
2025-06-19 11:29:07,627 - INFO - Iniciando rotação de documentos em 180 graus
2025-06-19 11:29:07,669 - INFO - Rotacionando CertificadoSiconv.pdf em 180 graus para corrigir orientação
2025-06-19 11:29:07,671 - INFO - Convertendo PDF para imagens...
2025-06-19 11:29:10,071 - INFO - Rotacionando página 1/1
2025-06-19 11:29:10,740 - INFO - Salvando imagens rotacionadas como PDF...
2025-06-19 11:29:11,446 - INFO - PDF rotacionado salvo: /home/iagochiapetta/isna/docs/CertificadoSiconv.pdf
2025-06-19 11:29:11,466 - INFO - Rotacionando cmas.pdf em 180 graus para corrigir orientação
2025-06-19 11:29:11,467 - INFO - Convertendo PDF para imagens...
2025-06-19 11:29:14,642 - INFO - Rotacionando página 1/1
2025-06-19 11:29:14,996 - INFO - Salvando imagens rotacionadas como PDF...
2025-06-19 11:29:15,342 - INFO - PDF rotacionado salvo: /home/iagochiapetta/isna/docs/cmas.pdf
2025-06-19 11:29:15,354 - INFO - Rotacionando Titulo de Utilidade publica.pdf em 180 graus para corrigir orientação
2025-06-19 11:29:15,357 - INFO - Convertendo PDF para imagens...
2025-06-19 11:29:17,507 - INFO - Rotacionando página 1/1
2025-06-19 11:29:17,822 - INFO - Salvando imagens rotacionadas como PDF...
2025-06-19 11:29:18,223 - INFO - PDF rotacionado salvo: /home/iagochiapetta/isna/docs/Titulo de Utilidade publica.pdf
2025-06-19 11:29:18,240 - INFO - Rotação de documentos concluída!
2025-06-19 11:42:27,627 - INFO - Iniciando rotação de documentos em 180 graus
2025-06-19 11:42:27,658 - INFO - Rotacionando CertificadoSiconv.pdf em 180 graus para corrigir orientação
2025-06-19 11:42:27,660 - INFO - Convertendo PDF para imagens em alta resolução...
2025-06-19 11:43:43,101 - INFO - Processando página 1/1
2025-06-19 11:43:43,103 - INFO - Dimensões originais: 7010x4960
2025-06-19 11:43:48,021 - INFO - Dimensões após rotação: 7010x4960
2025-06-19 11:43:48,022 - INFO - Salvando imagens rotacionadas como PDF...
2025-06-19 11:43:49,051 - INFO - PDF rotacionado salvo: /home/iagochiapetta/isna/docs/CertificadoSiconv.pdf
2025-06-19 11:43:49,116 - INFO - Rotacionando cmas.pdf em 180 graus para corrigir orientação
2025-06-19 11:43:49,117 - INFO - Convertendo PDF para imagens em alta resolução...
2025-06-19 11:44:13,162 - INFO - Processando página 1/1
2025-06-19 11:44:13,162 - INFO - Dimensões originais: 7010x4960
2025-06-19 11:44:18,130 - INFO - Dimensões após rotação: 7010x4960
2025-06-19 11:44:18,131 - INFO - Salvando imagens rotacionadas como PDF...
2025-06-19 11:44:18,858 - INFO - PDF rotacionado salvo: /home/iagochiapetta/isna/docs/cmas.pdf
2025-06-19 11:44:18,909 - INFO - Rotacionando Titulo de Utilidade publica.pdf em 180 graus para corrigir orientação
2025-06-19 11:44:18,910 - INFO - Convertendo PDF para imagens em alta resolução...
2025-06-19 11:44:39,915 - INFO - Processando página 1/1
2025-06-19 11:44:39,916 - INFO - Dimensões originais: 7010x4960
2025-06-19 11:44:43,356 - INFO - Dimensões após rotação: 7010x4960
2025-06-19 11:44:43,357 - INFO - Salvando imagens rotacionadas como PDF...
2025-06-19 11:44:44,420 - INFO - PDF rotacionado salvo: /home/iagochiapetta/isna/docs/Titulo de Utilidade publica.pdf
2025-06-19 11:44:44,428 - INFO - Rotação de documentos concluída!
